<?xml version="1.0" encoding="UTF-8"?>
<!-- Generated by org.testng.reporters.JUnitReportReporter -->
<testsuite hostname="CND1166CNH" failures="0" tests="5" name="NewTest.Test2" time="42.105" errors="0" timestamp="2022-01-21T18:42:59 IST" skipped="0">
  <testcase classname="NewTest.Test2" name="frame" time="5.414"/>
  <system-out/>
  <testcase classname="NewTest.Test2" name="printlink" time="2.551"/>
  <system-out/>
  <testcase classname="NewTest.Test2" name="form" time="11.531"/>
  <system-out>
    <![CDATA[filled]]>
  </system-out>
  <testcase classname="NewTest.Test2" name="mouse" time="12.773"/>
  <system-out/>
  <testcase classname="NewTest.Test2" name="demoaction" time="9.836"/>
  <system-out/>
</testsuite> <!-- NewTest.Test2 -->
