<?xml version="1.0" encoding="UTF-8"?>
<!-- Generated by org.testng.reporters.JUnitReportReporter -->
<testsuite hostname="CND1166CNH" failures="0" tests="1" name="NewTest.Calender" time="18.231" errors="0" timestamp="2022-01-21T17:50:42 IST" skipped="0">
  <testcase classname="NewTest.Calender" name="url" time="18.231"/>
  <system-out/>
</testsuite> <!-- NewTest.Calender -->
