<?xml version="1.0" encoding="UTF-8"?>
<!-- Generated by org.testng.reporters.JUnitReportReporter -->
<testsuite hostname="CND1166CNH" failures="0" tests="1" name="NewTest.FileUpload" time="9.787" errors="0" timestamp="2022-01-20T17:52:15 IST" skipped="0">
  <testcase classname="NewTest.FileUpload" name="go" time="9.787"/>
  <system-out/>
</testsuite> <!-- NewTest.FileUpload -->
