<?xml version="1.0" encoding="UTF-8"?>
<!-- Generated by org.testng.reporters.JUnitReportReporter -->
<testsuite hostname="CND1166CNH" failures="0" tests="1" name="NewTest.ReadfromFile" time="22.488" errors="0" timestamp="2022-01-21T13:13:56 IST" skipped="0">
  <testcase classname="NewTest.ReadfromFile" name="yahoo" time="22.488"/>
  <system-out>
    <![CDATA[Yahoo
https://login.yahoo.com/account/create?.intl=in&.lang=en-IN&src=search&activity=header-signin&pspid=2114723002&.done=https%3A%2F%2Fin.search.yahoo.com%2F%3Ffr2%3Dinr&specId=yidReg&done=https%3A%2F%2Fin.search.yahoo.com%2F%3Ffr2%3Dinr]]>
  </system-out>
</testsuite> <!-- NewTest.ReadfromFile -->
